<?xml version="1.0" encoding="UTF-8"?>
<!-- Generated by org.testng.reporters.JUnitReportReporter -->
<testsuite hostname="DESKTOP-BHA5M4A" failures="0" tests="2" name="SeleniumDay_11.ParallelTesting" time="16.374" errors="0" timestamp="2022-05-26T20:33:08 EDT" skipped="0">
  <testcase classname="SeleniumDay_11.ParallelTesting" name="parallelFirefox" time="10.471"/>
  <system-out/>
  <testcase classname="SeleniumDay_11.ParallelTesting" name="parallelChrome" time="5.903"/>
  <system-out/>
</testsuite> <!-- SeleniumDay_11.ParallelTesting -->
