<?xml version="1.0" encoding="UTF-8"?>
<!-- Generated by org.testng.reporters.JUnitReportReporter -->
<testsuite hostname="DESKTOP-BHA5M4A" failures="0" tests="2" name="SeleniumDay10.ClassA" time="0.018" errors="0" timestamp="2022-05-19T19:36:51 EDT" skipped="0">
  <testcase classname="SeleniumDay10.ClassA" name="f" time="0.002"/>
  <system-out/>
  <testcase classname="SeleniumDay10.ClassA" name="d" time="0.016"/>
  <system-out/>
</testsuite> <!-- SeleniumDay10.ClassA -->
