<?xml version="1.0" encoding="UTF-8"?>
<!-- Generated by org.testng.reporters.JUnitReportReporter -->
<testsuite hostname="DESKTOP-BHA5M4A" failures="0" tests="15" name="SeleniumDay10.NewTest" time="0.054" errors="0" timestamp="2022-05-19T20:35:49 EDT" skipped="0">
  <testcase classname="SeleniumDay10.NewTest" name="f" time="0.002"/>
  <system-out/>
  <testcase classname="SeleniumDay10.NewTest" name="f" time="0.006"/>
  <system-out/>
  <testcase classname="SeleniumDay10.NewTest" name="f" time="0.002"/>
  <system-out/>
  <testcase classname="SeleniumDay10.NewTest" name="f" time="0.003"/>
  <system-out/>
  <testcase classname="SeleniumDay10.NewTest" name="myTest" time="0.004"/>
  <system-out/>
  <testcase classname="SeleniumDay10.NewTest" name="myTest" time="0.001"/>
  <system-out/>
  <testcase classname="SeleniumDay10.NewTest" name="myTest" time="0.003"/>
  <system-out/>
  <testcase classname="SeleniumDay10.NewTest" name="f" time="0.003"/>
  <system-out/>
  <testcase classname="SeleniumDay10.NewTest" name="f" time="0.005"/>
  <system-out/>
  <testcase classname="SeleniumDay10.NewTest" name="f" time="0.003"/>
  <system-out/>
  <testcase classname="SeleniumDay10.NewTest" name="f" time="0.004"/>
  <system-out/>
  <testcase classname="SeleniumDay10.NewTest" name="f" time="0.002"/>
  <system-out/>
  <testcase classname="SeleniumDay10.NewTest" name="f" time="0.010"/>
  <system-out/>
  <testcase classname="SeleniumDay10.NewTest" name="f" time="0.003"/>
  <system-out/>
  <testcase classname="SeleniumDay10.NewTest" name="f" time="0.003"/>
  <system-out/>
</testsuite> <!-- SeleniumDay10.NewTest -->
