<?xml version="1.0" encoding="UTF-8"?>
<!-- Generated by org.testng.reporters.JUnitReportReporter -->
<testsuite hostname="DESKTOP-BHA5M4A" failures="0" tests="3" name="SeleniumDay10.ClassB" time="0.008" errors="0" timestamp="2022-05-19T19:36:50 EDT" skipped="0">
  <testcase classname="SeleniumDay10.ClassB" name="d" time="0.004"/>
  <system-out/>
  <testcase classname="SeleniumDay10.ClassB" name="anotherMethod" time="0.002"/>
  <system-out/>
  <testcase classname="SeleniumDay10.ClassB" name="f" time="0.002"/>
  <system-out/>
</testsuite> <!-- SeleniumDay10.ClassB -->
