<?xml version="1.0" encoding="UTF-8"?>
<!-- Generated by org.testng.reporters.JUnitReportReporter -->
<testsuite hostname="DESKTOP-BHA5M4A" failures="0" tests="1" name="SeleniumDay8.TestPropertiesClass" time="10.033" errors="0" timestamp="2022-05-26T20:19:19 EDT" skipped="0">
  <testcase classname="SeleniumDay8.TestPropertiesClass" name="test1" time="10.033"/>
  <system-out/>
</testsuite> <!-- SeleniumDay8.TestPropertiesClass -->
