<?xml version="1.0" encoding="UTF-8"?>
<!-- Generated by org.testng.reporters.JUnitReportReporter -->
<testsuite hostname="DESKTOP-BHA5M4A" failures="0" tests="1" name="SeleniumDay9.OpenBrowser" time="11.518" errors="0" timestamp="2022-05-26T20:22:00 EDT" skipped="0">
  <testcase classname="SeleniumDay9.OpenBrowser" name="Test" time="11.518"/>
  <system-out/>
</testsuite> <!-- SeleniumDay9.OpenBrowser -->
