<?xml version="1.0" encoding="UTF-8"?>
<!-- Generated by org.testng.reporters.JUnitReportReporter -->
<testsuite hostname="DESKTOP-BHA5M4A" failures="0" tests="3" name="SeleniumDay9.testPriorityInTestNG" time="0.013" errors="0" timestamp="2022-05-20T23:52:59 EDT" skipped="0">
  <testcase classname="SeleniumDay9.testPriorityInTestNG" name="C" time="0.001"/>
  <system-out/>
  <testcase classname="SeleniumDay9.testPriorityInTestNG" name="B" time="0.009"/>
  <system-out/>
  <testcase classname="SeleniumDay9.testPriorityInTestNG" name="A" time="0.003"/>
  <system-out/>
</testsuite> <!-- SeleniumDay9.testPriorityInTestNG -->
