<?xml version="1.0" encoding="UTF-8"?>
<!-- Generated by org.testng.reporters.JUnitReportReporter -->
<testsuite hostname="DESKTOP-BHA5M4A" failures="0" tests="1" name="SeleniumDay10.reportingLog" time="0.021" errors="0" timestamp="2022-05-19T21:32:48 EDT" skipped="0">
  <testcase classname="SeleniumDay10.reportingLog" name="f" time="0.021"/>
  <system-out>
    <![CDATA[before Assertion
if this code execute, assertion pass]]>
  </system-out>
</testsuite> <!-- SeleniumDay10.reportingLog -->
