<?xml version="1.0" encoding="UTF-8"?>
<!-- Generated by org.testng.reporters.JUnitReportReporter -->
<testsuite hostname="DESKTOP-BHA5M4A" failures="0" tests="1" name="SeleniumDay_10.reportingLog" time="0.025" errors="0" timestamp="2022-05-26T20:32:28 EDT" skipped="0">
  <testcase classname="SeleniumDay_10.reportingLog" name="f" time="0.025"/>
  <system-out>
    <![CDATA[This test verifies the current selenium compatibility with TestNG by launching the chrome driver
Launching Google Chrome Driver version 81 for this test
before Assertion
if this code executes, assertion pass]]>
  </system-out>
</testsuite> <!-- SeleniumDay_10.reportingLog -->
