<?xml version="1.0" encoding="UTF-8"?>
<!-- Generated by org.testng.reporters.JUnitReportReporter -->
<testsuite hostname="DESKTOP-BHA5M4A" failures="0" tests="3" name="SeleniumDay_10.ClassB" time="0.011" errors="0" timestamp="2022-05-26T20:26:20 EDT" skipped="0">
  <testcase classname="SeleniumDay_10.ClassB" name="d" time="0.005"/>
  <system-out/>
  <testcase classname="SeleniumDay_10.ClassB" name="anotherMethod" time="0.003"/>
  <system-out/>
  <testcase classname="SeleniumDay_10.ClassB" name="f" time="0.003"/>
  <system-out/>
</testsuite> <!-- SeleniumDay_10.ClassB -->
