<?xml version="1.0" encoding="UTF-8"?>
<!-- Generated by org.testng.reporters.JUnitReportReporter -->
<testsuite hostname="DESKTOP-BHA5M4A" failures="0" tests="3" name="SeleniumDay9.testPriorityInTestNG" time="0.041" errors="0" timestamp="2022-05-26T20:25:54 EDT" skipped="0">
  <testcase classname="SeleniumDay9.testPriorityInTestNG" name="B" time="0.027"/>
  <system-out/>
  <testcase classname="SeleniumDay9.testPriorityInTestNG" name="C" time="0.008"/>
  <system-out/>
  <testcase classname="SeleniumDay9.testPriorityInTestNG" name="A" time="0.006"/>
  <system-out/>
</testsuite> <!-- SeleniumDay9.testPriorityInTestNG -->
