<?xml version="1.0" encoding="UTF-8"?>
<!-- Generated by org.testng.reporters.JUnitReportReporter -->
<testsuite hostname="DESKTOP-BHA5M4A" failures="0" tests="2" name="SeleniumDay9.NewTest" time="0.022" errors="0" timestamp="2022-05-26T20:21:40 EDT" skipped="0">
  <testcase classname="SeleniumDay9.NewTest" name="c" time="0.015"/>
  <system-out/>
  <testcase classname="SeleniumDay9.NewTest" name="f" time="0.007"/>
  <system-out/>
</testsuite> <!-- SeleniumDay9.NewTest -->
