<?xml version="1.0" encoding="UTF-8"?>
<!-- Generated by org.testng.reporters.JUnitReportReporter -->
<testsuite hostname="DESKTOP-BHA5M4A" failures="0" tests="13" name="SeleniumDay_10.NewTest" time="0.064" errors="0" timestamp="2022-05-26T20:32:14 EDT" skipped="0">
  <testcase classname="SeleniumDay_10.NewTest" name="f" time="0.004"/>
  <system-out/>
  <testcase classname="SeleniumDay_10.NewTest" name="f" time="0.002"/>
  <system-out/>
  <testcase classname="SeleniumDay_10.NewTest" name="f" time="0.004"/>
  <system-out/>
  <testcase classname="SeleniumDay_10.NewTest" name="myTest" time="0.008"/>
  <system-out/>
  <testcase classname="SeleniumDay_10.NewTest" name="myTest" time="0.002"/>
  <system-out/>
  <testcase classname="SeleniumDay_10.NewTest" name="myTest" time="0.005"/>
  <system-out/>
  <testcase classname="SeleniumDay_10.NewTest" name="f" time="0.005"/>
  <system-out/>
  <testcase classname="SeleniumDay_10.NewTest" name="f" time="0.005"/>
  <system-out/>
  <testcase classname="SeleniumDay_10.NewTest" name="f" time="0.003"/>
  <system-out/>
  <testcase classname="SeleniumDay_10.NewTest" name="f" time="0.002"/>
  <system-out/>
  <testcase classname="SeleniumDay_10.NewTest" name="f" time="0.005"/>
  <system-out/>
  <testcase classname="SeleniumDay_10.NewTest" name="f" time="0.002"/>
  <system-out/>
  <testcase classname="SeleniumDay_10.NewTest" name="f" time="0.017"/>
  <system-out/>
</testsuite> <!-- SeleniumDay_10.NewTest -->
