<?xml version="1.0" encoding="UTF-8"?>
<!-- Generated by org.testng.reporters.JUnitReportReporter -->
<testsuite hostname="DESKTOP-BHA5M4A" failures="0" tests="4" name="SeleniumDay_10.dependentTests" time="0.039" errors="0" timestamp="2022-05-26T20:26:33 EDT" skipped="0">
  <testcase classname="SeleniumDay_10.dependentTests" name="OpenBrowser2" time="0.003"/>
  <system-out/>
  <testcase classname="SeleniumDay_10.dependentTests" name="OpenBrowser" time="0.028"/>
  <system-out/>
  <testcase classname="SeleniumDay_10.dependentTests" name="thirdMethod" time="0.005"/>
  <system-out/>
  <testcase classname="SeleniumDay_10.dependentTests" name="AclickOnRSVP" time="0.003"/>
  <system-out/>
</testsuite> <!-- SeleniumDay_10.dependentTests -->
