<?xml version="1.0" encoding="UTF-8"?>
<!-- Generated by org.testng.reporters.JUnitReportReporter -->
<testsuite hostname="DESKTOP-BHA5M4A" failures="0" tests="2" name="SeleniumDay_10.ClassA" time="0.032" errors="0" timestamp="2022-05-26T20:26:20 EDT" skipped="0">
  <testcase classname="SeleniumDay_10.ClassA" name="f" time="0.004"/>
  <system-out/>
  <testcase classname="SeleniumDay_10.ClassA" name="d" time="0.028"/>
  <system-out/>
</testsuite> <!-- SeleniumDay_10.ClassA -->
