<?xml version="1.0" encoding="UTF-8"?>
<!-- Generated by org.testng.reporters.JUnitReportReporter -->
<testsuite hostname="DESKTOP-BHA5M4A" failures="0" tests="1" name="SeleniumDay8.TestingDriverClass" time="10.834" errors="0" timestamp="2022-05-27T09:34:47 EDT" skipped="0">
  <testcase classname="SeleniumDay8.TestingDriverClass" name="test1" time="10.834"/>
  <system-out/>
</testsuite> <!-- SeleniumDay8.TestingDriverClass -->
