<?xml version="1.0" encoding="UTF-8"?>
<!-- Generated by org.testng.reporters.JUnitReportReporter -->
<testsuite hostname="DESKTOP-BHA5M4A" failures="0" tests="6" name="SeleniumDay9.GroupingTest" time="10.402" errors="0" timestamp="2022-05-31T08:51:36 EDT" skipped="0">
  <testcase classname="SeleniumDay9.GroupingTest" name="a" time="0.008"/>
  <system-out/>
  <testcase classname="SeleniumDay9.GroupingTest" name="c" time="0.002"/>
  <system-out/>
  <testcase classname="SeleniumDay9.GroupingTest" name="b" time="0.004"/>
  <system-out/>
  <testcase classname="SeleniumDay9.GroupingTest" name="d" time="0.007"/>
  <system-out/>
  <testcase classname="SeleniumDay9.GroupingTest" name="f" time="10.375"/>
  <system-out/>
  <testcase classname="SeleniumDay9.GroupingTest" name="e" time="0.006"/>
  <system-out/>
</testsuite> <!-- SeleniumDay9.GroupingTest -->
