<?xml version="1.0" encoding="UTF-8"?>
<!-- Generated by org.testng.reporters.JUnitReportReporter -->
<testsuite hostname="DESKTOP-BHA5M4A" failures="0" tests="6" name="SeleniumDay9K.testPriorityInTestNG" time="0.026" errors="0" timestamp="2022-05-20T19:51:12 EDT" skipped="0">
  <testcase classname="SeleniumDay9K.testPriorityInTestNG" name="c" time="0.004"/>
  <system-out/>
  <testcase classname="SeleniumDay9K.testPriorityInTestNG" name="c" time="0.003"/>
  <system-out/>
  <testcase classname="SeleniumDay9K.testPriorityInTestNG" name="b" time="0.005"/>
  <system-out/>
  <testcase classname="SeleniumDay9K.testPriorityInTestNG" name="b" time="0.003"/>
  <system-out/>
  <testcase classname="SeleniumDay9K.testPriorityInTestNG" name="a" time="0.008"/>
  <system-out/>
  <testcase classname="SeleniumDay9K.testPriorityInTestNG" name="a" time="0.003"/>
  <system-out/>
</testsuite> <!-- SeleniumDay9K.testPriorityInTestNG -->
